================================================================================
OCLOOP SESSION: 2026-01-05T08:36:17.905Z
Working Directory: /home/d3vr/projects/oc-projects/ocloop-project/ocloop
Debug Mode: true
================================================================================
[08:36:17.906] [INFO] [startup] CLI arguments {"plan":"PLAN.md","prompt":".loop-prompt.md","debug":true}
[08:36:17.906] [INFO] [startup] Plan file check {"path":"PLAN.md","exists":true}
[08:36:17.945] [DEBUG] [config] No config file found, using default
[08:36:17.999] [DEBUG] [keybinding] Key pressed {"key":"\u001b[?1016;0$y","hex":"0x1B","state":"starting"}
[08:36:18.000] [DEBUG] [keybinding] Key pressed {"key":"\u001b[?2027;0$y","hex":"0x1B","state":"starting"}
[08:36:18.000] [DEBUG] [keybinding] Key pressed {"key":"\u001b[?2031;0$y","hex":"0x1B","state":"starting"}
[08:36:18.000] [DEBUG] [keybinding] Key pressed {"key":"\u001b[?1004;2$y","hex":"0x1B","state":"starting"}
[08:36:18.000] [DEBUG] [keybinding] Key pressed {"key":"\u001b[?2004;2$y","hex":"0x1B","state":"starting"}
[08:36:18.000] [DEBUG] [keybinding] Key pressed {"key":"\u001b[?2026;2$y","hex":"0x1B","state":"starting"}
[08:36:18.000] [DEBUG] [keybinding] Key pressed {"key":"\u001b[1;1R","hex":"0x1B","state":"starting"}
[08:36:18.001] [DEBUG] [keybinding] Key pressed {"key":"\u001b[1;1R","hex":"0x1B","state":"starting"}
[08:36:18.001] [DEBUG] [keybinding] Key pressed {"key":"\u001b[?0u","hex":"0x1B","state":"starting"}
[08:36:18.001] [DEBUG] [keybinding] Key pressed {"key":"\u001b[4;338;1908t","hex":"0x1B","state":"starting"}
[08:36:18.002] [INFO] [terminal] Detected installed terminals {"count":5,"names":["alacritty","kitty","terminator","xterm","urxvt"]}
[08:36:18.726] [DEBUG] [keybinding] Key pressed {"key":"\u001b[O","hex":"0x1B","state":"starting"}
[08:36:18.943] [INFO] [server] Ready {"url":"http://127.0.0.1:33389","debug":true}
[08:36:18.944] [INFO] [sse] Connecting {"url":""}
[08:36:18.947] [INFO] [session] Creating debug session...
[08:36:18.954] [INFO] [sse] Connected
[08:36:19.096] [INFO] [session] Debug session created {"sessionId":"ses_472b333ecffese5ZQ7ZNoVgvFy"}
[08:36:22.391] [DEBUG] [keybinding] Key pressed {"key":"\u001b[4;494;1908t","hex":"0x1B","state":"debug","sessionId":"ses_472b333ecffese5ZQ7ZNoVgvFy","lastSessionId":"ses_472b333ecffese5ZQ7ZNoVgvFy"}
[08:37:03.189] [DEBUG] [keybinding] Key pressed {"key":"\u001b[O","hex":"0x1B","state":"debug","sessionId":"ses_472b333ecffese5ZQ7ZNoVgvFy","lastSessionId":"ses_472b333ecffese5ZQ7ZNoVgvFy"}
[08:37:09.261] [DEBUG] [keybinding] Key pressed {"key":"\u001b[I","hex":"0x1B","state":"debug","sessionId":"ses_472b333ecffese5ZQ7ZNoVgvFy","lastSessionId":"ses_472b333ecffese5ZQ7ZNoVgvFy"}
[08:37:11.072] [DEBUG] [keybinding] Key pressed {"key":"t","hex":"0x74","state":"debug","sessionId":"ses_472b333ecffese5ZQ7ZNoVgvFy","lastSessionId":"ses_472b333ecffese5ZQ7ZNoVgvFy"}
[08:37:11.075] [DEBUG] [terminal] Handle launch request {"sessionId":"ses_472b333ecffese5ZQ7ZNoVgvFy","hasConfig":false}
[08:37:13.216] [DEBUG] [keybinding] Key pressed {"key":"\u001b[B","hex":"0x1B","state":"debug","sessionId":"ses_472b333ecffese5ZQ7ZNoVgvFy","lastSessionId":"ses_472b333ecffese5ZQ7ZNoVgvFy"}
[08:37:14.188] [DEBUG] [keybinding] Key pressed {"key":"\u001b[O","hex":"0x1B","state":"debug","sessionId":"ses_472b333ecffese5ZQ7ZNoVgvFy","lastSessionId":"ses_472b333ecffese5ZQ7ZNoVgvFy"}
[08:37:14.289] [DEBUG] [keybinding] Key pressed {"key":"\u001b[I","hex":"0x1B","state":"debug","sessionId":"ses_472b333ecffese5ZQ7ZNoVgvFy","lastSessionId":"ses_472b333ecffese5ZQ7ZNoVgvFy"}
[08:37:14.316] [DEBUG] [keybinding] Key pressed {"key":"\u001b[4;1066;1920t","hex":"0x1B","state":"debug","sessionId":"ses_472b333ecffese5ZQ7ZNoVgvFy","lastSessionId":"ses_472b333ecffese5ZQ7ZNoVgvFy"}
[08:37:15.816] [DEBUG] [keybinding] Key pressed {"key":"\u001b[27u","hex":"0x1B","state":"debug","sessionId":"ses_472b333ecffese5ZQ7ZNoVgvFy","lastSessionId":"ses_472b333ecffese5ZQ7ZNoVgvFy"}
[08:37:17.096] [DEBUG] [keybinding] Key pressed {"key":"\u001b[27u","hex":"0x1B","state":"debug","sessionId":"ses_472b333ecffese5ZQ7ZNoVgvFy","lastSessionId":"ses_472b333ecffese5ZQ7ZNoVgvFy"}
[08:37:17.327] [DEBUG] [keybinding] Key pressed {"key":"\u001b[27u","hex":"0x1B","state":"debug","sessionId":"ses_472b333ecffese5ZQ7ZNoVgvFy","lastSessionId":"ses_472b333ecffese5ZQ7ZNoVgvFy"}
[08:37:19.920] [DEBUG] [keybinding] Key pressed {"key":"\u001b[B","hex":"0x1B","state":"debug","sessionId":"ses_472b333ecffese5ZQ7ZNoVgvFy","lastSessionId":"ses_472b333ecffese5ZQ7ZNoVgvFy"}
[08:37:20.174] [DEBUG] [keybinding] Key pressed {"key":"\u001b[A","hex":"0x1B","state":"debug","sessionId":"ses_472b333ecffese5ZQ7ZNoVgvFy","lastSessionId":"ses_472b333ecffese5ZQ7ZNoVgvFy"}
[08:37:20.401] [DEBUG] [keybinding] Key pressed {"key":"\u001b[B","hex":"0x1B","state":"debug","sessionId":"ses_472b333ecffese5ZQ7ZNoVgvFy","lastSessionId":"ses_472b333ecffese5ZQ7ZNoVgvFy"}
[08:37:20.632] [DEBUG] [keybinding] Key pressed {"key":"\u001b[A","hex":"0x1B","state":"debug","sessionId":"ses_472b333ecffese5ZQ7ZNoVgvFy","lastSessionId":"ses_472b333ecffese5ZQ7ZNoVgvFy"}
[08:37:21.737] [DEBUG] [keybinding] Key pressed {"key":"\u001b[27u","hex":"0x1B","state":"debug","sessionId":"ses_472b333ecffese5ZQ7ZNoVgvFy","lastSessionId":"ses_472b333ecffese5ZQ7ZNoVgvFy"}
[08:37:23.752] [DEBUG] [keybinding] Key pressed {"key":"c","hex":"0x63","state":"debug","sessionId":"ses_472b333ecffese5ZQ7ZNoVgvFy","lastSessionId":"ses_472b333ecffese5ZQ7ZNoVgvFy"}
[08:37:24.664] [DEBUG] [keybinding] Key pressed {"key":"\u001b[O","hex":"0x1B","state":"debug","sessionId":"ses_472b333ecffese5ZQ7ZNoVgvFy","lastSessionId":"ses_472b333ecffese5ZQ7ZNoVgvFy"}
[08:37:25.663] [DEBUG] [keybinding] Key pressed {"key":"\u001b[O","hex":"0x1B","state":"debug","sessionId":"ses_472b333ecffese5ZQ7ZNoVgvFy","lastSessionId":"ses_472b333ecffese5ZQ7ZNoVgvFy"}
[08:37:27.296] [DEBUG] [keybinding] Key pressed {"key":"\u001b[I","hex":"0x1B","state":"debug","sessionId":"ses_472b333ecffese5ZQ7ZNoVgvFy","lastSessionId":"ses_472b333ecffese5ZQ7ZNoVgvFy"}
[08:37:28.143] [DEBUG] [keybinding] Key pressed {"key":"c","hex":"0x63","state":"debug","sessionId":"ses_472b333ecffese5ZQ7ZNoVgvFy","lastSessionId":"ses_472b333ecffese5ZQ7ZNoVgvFy"}
[08:37:35.688] [DEBUG] [keybinding] Key pressed {"key":"\u001b[27u","hex":"0x1B","state":"debug","sessionId":"ses_472b333ecffese5ZQ7ZNoVgvFy","lastSessionId":"ses_472b333ecffese5ZQ7ZNoVgvFy"}
[08:37:43.617] [DEBUG] [keybinding] Key pressed {"key":"\u001b[B","hex":"0x1B","state":"debug","sessionId":"ses_472b333ecffese5ZQ7ZNoVgvFy","lastSessionId":"ses_472b333ecffese5ZQ7ZNoVgvFy"}
[08:37:44.056] [DEBUG] [keybinding] Key pressed {"key":"\u001b[A","hex":"0x1B","state":"debug","sessionId":"ses_472b333ecffese5ZQ7ZNoVgvFy","lastSessionId":"ses_472b333ecffese5ZQ7ZNoVgvFy"}
[08:37:46.631] [DEBUG] [keybinding] Key pressed {"key":"\u001b[O","hex":"0x1B","state":"debug","sessionId":"ses_472b333ecffese5ZQ7ZNoVgvFy","lastSessionId":"ses_472b333ecffese5ZQ7ZNoVgvFy"}
[08:38:15.214] [DEBUG] [keybinding] Key pressed {"key":"\u001b[O","hex":"0x1B","state":"debug","sessionId":"ses_472b333ecffese5ZQ7ZNoVgvFy","lastSessionId":"ses_472b333ecffese5ZQ7ZNoVgvFy"}
[08:38:19.544] [DEBUG] [keybinding] Key pressed {"key":"\u001b[O","hex":"0x1B","state":"debug","sessionId":"ses_472b333ecffese5ZQ7ZNoVgvFy","lastSessionId":"ses_472b333ecffese5ZQ7ZNoVgvFy"}
[08:38:22.211] [DEBUG] [keybinding] Key pressed {"key":"\u001b[I","hex":"0x1B","state":"debug","sessionId":"ses_472b333ecffese5ZQ7ZNoVgvFy","lastSessionId":"ses_472b333ecffese5ZQ7ZNoVgvFy"}
[08:38:22.679] [DEBUG] [keybinding] Key pressed {"key":"\u001b[O","hex":"0x1B","state":"debug","sessionId":"ses_472b333ecffese5ZQ7ZNoVgvFy","lastSessionId":"ses_472b333ecffese5ZQ7ZNoVgvFy"}
[08:38:24.395] [DEBUG] [keybinding] Key pressed {"key":"\u001b[I","hex":"0x1B","state":"debug","sessionId":"ses_472b333ecffese5ZQ7ZNoVgvFy","lastSessionId":"ses_472b333ecffese5ZQ7ZNoVgvFy"}
[08:38:24.794] [DEBUG] [keybinding] Key pressed {"key":"\u001b[O","hex":"0x1B","state":"debug","sessionId":"ses_472b333ecffese5ZQ7ZNoVgvFy","lastSessionId":"ses_472b333ecffese5ZQ7ZNoVgvFy"}
[08:38:39.644] [DEBUG] [keybinding] Key pressed {"key":"\u001b[I","hex":"0x1B","state":"debug","sessionId":"ses_472b333ecffese5ZQ7ZNoVgvFy","lastSessionId":"ses_472b333ecffese5ZQ7ZNoVgvFy"}
[08:38:40.459] [DEBUG] [keybinding] Key pressed {"key":"\u001b[O","hex":"0x1B","state":"debug","sessionId":"ses_472b333ecffese5ZQ7ZNoVgvFy","lastSessionId":"ses_472b333ecffese5ZQ7ZNoVgvFy"}
[08:47:36.488] [DEBUG] [keybinding] Key pressed {"key":"\u001b[O","hex":"0x1B","state":"debug","sessionId":"ses_472b333ecffese5ZQ7ZNoVgvFy","lastSessionId":"ses_472b333ecffese5ZQ7ZNoVgvFy"}
[08:47:42.141] [DEBUG] [keybinding] Key pressed {"key":"\u001b[I","hex":"0x1B","state":"debug","sessionId":"ses_472b333ecffese5ZQ7ZNoVgvFy","lastSessionId":"ses_472b333ecffese5ZQ7ZNoVgvFy"}
[08:47:46.847] [DEBUG] [keybinding] Key pressed {"key":"\u001b[O","hex":"0x1B","state":"debug","sessionId":"ses_472b333ecffese5ZQ7ZNoVgvFy","lastSessionId":"ses_472b333ecffese5ZQ7ZNoVgvFy"}
[08:47:47.414] [DEBUG] [keybinding] Key pressed {"key":"\u001b[I","hex":"0x1B","state":"debug","sessionId":"ses_472b333ecffese5ZQ7ZNoVgvFy","lastSessionId":"ses_472b333ecffese5ZQ7ZNoVgvFy"}
[08:47:47.885] [DEBUG] [keybinding] Key pressed {"key":"\u001b[O","hex":"0x1B","state":"debug","sessionId":"ses_472b333ecffese5ZQ7ZNoVgvFy","lastSessionId":"ses_472b333ecffese5ZQ7ZNoVgvFy"}
[08:47:48.125] [DEBUG] [keybinding] Key pressed {"key":"\u001b[I","hex":"0x1B","state":"debug","sessionId":"ses_472b333ecffese5ZQ7ZNoVgvFy","lastSessionId":"ses_472b333ecffese5ZQ7ZNoVgvFy"}
[08:47:48.381] [DEBUG] [keybinding] Key pressed {"key":"\u001b[O","hex":"0x1B","state":"debug","sessionId":"ses_472b333ecffese5ZQ7ZNoVgvFy","lastSessionId":"ses_472b333ecffese5ZQ7ZNoVgvFy"}
[08:47:50.403] [DEBUG] [keybinding] Key pressed {"key":"\u001b[O","hex":"0x1B","state":"debug","sessionId":"ses_472b333ecffese5ZQ7ZNoVgvFy","lastSessionId":"ses_472b333ecffese5ZQ7ZNoVgvFy"}
[08:47:56.086] [DEBUG] [keybinding] Key pressed {"key":"\u001b[O","hex":"0x1B","state":"debug","sessionId":"ses_472b333ecffese5ZQ7ZNoVgvFy","lastSessionId":"ses_472b333ecffese5ZQ7ZNoVgvFy"}
[08:47:58.920] [DEBUG] [keybinding] Key pressed {"key":"\u001b[O","hex":"0x1B","state":"debug","sessionId":"ses_472b333ecffese5ZQ7ZNoVgvFy","lastSessionId":"ses_472b333ecffese5ZQ7ZNoVgvFy"}
[08:48:00.433] [DEBUG] [keybinding] Key pressed {"key":"\u001b[O","hex":"0x1B","state":"debug","sessionId":"ses_472b333ecffese5ZQ7ZNoVgvFy","lastSessionId":"ses_472b333ecffese5ZQ7ZNoVgvFy"}
[08:48:00.677] [DEBUG] [keybinding] Key pressed {"key":"\u001b[I","hex":"0x1B","state":"debug","sessionId":"ses_472b333ecffese5ZQ7ZNoVgvFy","lastSessionId":"ses_472b333ecffese5ZQ7ZNoVgvFy"}
[08:48:01.512] [DEBUG] [keybinding] Key pressed {"key":"\u001b[O","hex":"0x1B","state":"debug","sessionId":"ses_472b333ecffese5ZQ7ZNoVgvFy","lastSessionId":"ses_472b333ecffese5ZQ7ZNoVgvFy"}
[08:48:02.290] [DEBUG] [keybinding] Key pressed {"key":"\u001b[O","hex":"0x1B","state":"debug","sessionId":"ses_472b333ecffese5ZQ7ZNoVgvFy","lastSessionId":"ses_472b333ecffese5ZQ7ZNoVgvFy"}
[08:48:02.553] [DEBUG] [keybinding] Key pressed {"key":"\u001b[I","hex":"0x1B","state":"debug","sessionId":"ses_472b333ecffese5ZQ7ZNoVgvFy","lastSessionId":"ses_472b333ecffese5ZQ7ZNoVgvFy"}
[08:48:03.248] [DEBUG] [keybinding] Key pressed {"key":"\u001b[O","hex":"0x1B","state":"debug","sessionId":"ses_472b333ecffese5ZQ7ZNoVgvFy","lastSessionId":"ses_472b333ecffese5ZQ7ZNoVgvFy"}
[08:48:04.162] [DEBUG] [keybinding] Key pressed {"key":"\u001b[O","hex":"0x1B","state":"debug","sessionId":"ses_472b333ecffese5ZQ7ZNoVgvFy","lastSessionId":"ses_472b333ecffese5ZQ7ZNoVgvFy"}
[08:48:06.057] [DEBUG] [keybinding] Key pressed {"key":"\u001b[O","hex":"0x1B","state":"debug","sessionId":"ses_472b333ecffese5ZQ7ZNoVgvFy","lastSessionId":"ses_472b333ecffese5ZQ7ZNoVgvFy"}
[08:48:07.874] [DEBUG] [keybinding] Key pressed {"key":"\u001b[O","hex":"0x1B","state":"debug","sessionId":"ses_472b333ecffese5ZQ7ZNoVgvFy","lastSessionId":"ses_472b333ecffese5ZQ7ZNoVgvFy"}
[08:48:08.157] [DEBUG] [keybinding] Key pressed {"key":"\u001b[I","hex":"0x1B","state":"debug","sessionId":"ses_472b333ecffese5ZQ7ZNoVgvFy","lastSessionId":"ses_472b333ecffese5ZQ7ZNoVgvFy"}
[08:48:08.642] [DEBUG] [keybinding] Key pressed {"key":"\u001b[O","hex":"0x1B","state":"debug","sessionId":"ses_472b333ecffese5ZQ7ZNoVgvFy","lastSessionId":"ses_472b333ecffese5ZQ7ZNoVgvFy"}
[08:48:09.092] [DEBUG] [keybinding] Key pressed {"key":"\u001b[O","hex":"0x1B","state":"debug","sessionId":"ses_472b333ecffese5ZQ7ZNoVgvFy","lastSessionId":"ses_472b333ecffese5ZQ7ZNoVgvFy"}
[08:48:10.042] [DEBUG] [keybinding] Key pressed {"key":"\u001b[O","hex":"0x1B","state":"debug","sessionId":"ses_472b333ecffese5ZQ7ZNoVgvFy","lastSessionId":"ses_472b333ecffese5ZQ7ZNoVgvFy"}
[08:48:18.934] [DEBUG] [keybinding] Key pressed {"key":"\u001b[O","hex":"0x1B","state":"debug","sessionId":"ses_472b333ecffese5ZQ7ZNoVgvFy","lastSessionId":"ses_472b333ecffese5ZQ7ZNoVgvFy"}
[08:48:19.117] [DEBUG] [keybinding] Key pressed {"key":"\u001b[4;1066;1920t","hex":"0x1B","state":"debug","sessionId":"ses_472b333ecffese5ZQ7ZNoVgvFy","lastSessionId":"ses_472b333ecffese5ZQ7ZNoVgvFy"}
[08:48:19.533] [DEBUG] [keybinding] Key pressed {"key":"\u001b[O","hex":"0x1B","state":"debug","sessionId":"ses_472b333ecffese5ZQ7ZNoVgvFy","lastSessionId":"ses_472b333ecffese5ZQ7ZNoVgvFy"}
[08:48:19.680] [DEBUG] [keybinding] Key pressed {"key":"\u001b[4;494;1908t","hex":"0x1B","state":"debug","sessionId":"ses_472b333ecffese5ZQ7ZNoVgvFy","lastSessionId":"ses_472b333ecffese5ZQ7ZNoVgvFy"}
[08:48:19.688] [DEBUG] [keybinding] Key pressed {"key":"\u001b[O","hex":"0x1B","state":"debug","sessionId":"ses_472b333ecffese5ZQ7ZNoVgvFy","lastSessionId":"ses_472b333ecffese5ZQ7ZNoVgvFy"}
[08:48:53.639] [DEBUG] [keybinding] Key pressed {"key":"\u001b[O","hex":"0x1B","state":"debug","sessionId":"ses_472b333ecffese5ZQ7ZNoVgvFy","lastSessionId":"ses_472b333ecffese5ZQ7ZNoVgvFy"}
[08:48:58.575] [DEBUG] [keybinding] Key pressed {"key":"\u001b[O","hex":"0x1B","state":"debug","sessionId":"ses_472b333ecffese5ZQ7ZNoVgvFy","lastSessionId":"ses_472b333ecffese5ZQ7ZNoVgvFy"}
[08:48:59.552] [DEBUG] [keybinding] Key pressed {"key":"\u001b[I","hex":"0x1B","state":"debug","sessionId":"ses_472b333ecffese5ZQ7ZNoVgvFy","lastSessionId":"ses_472b333ecffese5ZQ7ZNoVgvFy"}
[08:49:01.643] [DEBUG] [keybinding] Key pressed {"key":"\u001b[O","hex":"0x1B","state":"debug","sessionId":"ses_472b333ecffese5ZQ7ZNoVgvFy","lastSessionId":"ses_472b333ecffese5ZQ7ZNoVgvFy"}
[08:49:01.666] [DEBUG] [keybinding] Key pressed {"key":"\u001b[O","hex":"0x1B","state":"debug","sessionId":"ses_472b333ecffese5ZQ7ZNoVgvFy","lastSessionId":"ses_472b333ecffese5ZQ7ZNoVgvFy"}
[08:50:25.963] [DEBUG] [keybinding] Key pressed {"key":"\u001b[I","hex":"0x1B","state":"debug","sessionId":"ses_472b333ecffese5ZQ7ZNoVgvFy","lastSessionId":"ses_472b333ecffese5ZQ7ZNoVgvFy"}
[08:50:26.027] [DEBUG] [keybinding] Key pressed {"key":"\u001b[O","hex":"0x1B","state":"debug","sessionId":"ses_472b333ecffese5ZQ7ZNoVgvFy","lastSessionId":"ses_472b333ecffese5ZQ7ZNoVgvFy"}
[08:50:26.027] [DEBUG] [keybinding] Key pressed {"key":"\u001b[I","hex":"0x1B","state":"debug","sessionId":"ses_472b333ecffese5ZQ7ZNoVgvFy","lastSessionId":"ses_472b333ecffese5ZQ7ZNoVgvFy"}
[08:50:27.561] [DEBUG] [keybinding] Key pressed {"key":"\u001b[O","hex":"0x1B","state":"debug","sessionId":"ses_472b333ecffese5ZQ7ZNoVgvFy","lastSessionId":"ses_472b333ecffese5ZQ7ZNoVgvFy"}
